\BOOKMARK [1][-]{section.1}{Introduction}{}% 1
\BOOKMARK [1][-]{section.2}{Study site}{}% 2
\BOOKMARK [1][-]{section.3}{Methods}{}% 3
\BOOKMARK [2][-]{subsection.3.1}{Pollen Analysis}{section.3}% 4
\BOOKMARK [2][-]{subsection.3.2}{Charcoal Analysis}{section.3}% 5
\BOOKMARK [2][-]{subsection.3.3}{Radiocarbon dating}{section.3}% 6
\BOOKMARK [2][-]{subsection.3.4}{Statistical analysis}{section.3}% 7
\BOOKMARK [2][-]{subsection.3.5}{Magnetic Susceptibility}{section.3}% 8
\BOOKMARK [1][-]{section.4}{Results}{}% 9
\BOOKMARK [2][-]{subsection.4.1}{Zone 1 - 650 - 2120 cal. years BP}{section.4}% 10
\BOOKMARK [2][-]{subsection.4.2}{Zone 2 - 150 - 650 cal. years BP}{section.4}% 11
\BOOKMARK [2][-]{subsection.4.3}{Zone 3 - 0 -150 cal. years BP}{section.4}% 12
\BOOKMARK [2][-]{subsection.4.4}{Sediment-charcoal records}{section.4}% 13
\BOOKMARK [2][-]{subsection.4.5}{Magnetic susceptibility}{section.4}% 14
\BOOKMARK [2][-]{subsection.4.6}{Definition of settlement and prehuman zones using all proxies}{section.4}% 15
\BOOKMARK [1][-]{section.5}{Discussion}{}% 16
\BOOKMARK [2][-]{subsection.5.1}{What were the pre-human plant assemblages?}{section.5}% 17
\BOOKMARK [2][-]{subsection.5.2}{Pollen record after Polynesian settlement}{section.5}% 18
\BOOKMARK [2][-]{subsection.5.3}{Pollen record after European settlement}{section.5}% 19
\BOOKMARK [2][-]{subsection.5.4}{The charcoal record}{section.5}% 20
\BOOKMARK [2][-]{subsection.5.5}{Magnetic susceptibility}{section.5}% 21
\BOOKMARK [2][-]{subsection.5.6}{The consequences of human settlement}{section.5}% 22
\BOOKMARK [2][-]{subsection.5.7}{Implications for restoration}{section.5}% 23
